<?xml version="1.0" encoding="UTF-8"?>
<!-- Generated by org.testng.reporters.JUnitReportReporter -->
<testsuite hostname="ADMINIB-67H2G5B" name="social.connector.test.FacebookConnectionTest" tests="2" failures="0" timestamp="23 Mar 2015 15:15:28 GMT" time="2.070" errors="0">
  <testcase name="FacebookConnect" time="0.032" classname="social.connector.test.FacebookConnectionTest"/>
  <testcase name="testGetPosts" time="2.038" classname="social.connector.test.FacebookConnectionTest"/>
</testsuite> <!-- social.connector.test.FacebookConnectionTest -->
