<?xml version="1.0" encoding="UTF-8"?>
<!-- Generated by org.testng.reporters.JUnitReportReporter -->
<testsuite hostname="ADMINIB-67H2G5B" name="social.connector.test.FacebookConnectionTest" tests="2" failures="0" timestamp="19 Mar 2015 20:50:27 GMT" time="2.600" errors="0">
  <testcase name="testGetPosts" time="2.587" classname="social.connector.test.FacebookConnectionTest"/>
  <testcase name="FacebookConnect" time="0.013" classname="social.connector.test.FacebookConnectionTest"/>
</testsuite> <!-- social.connector.test.FacebookConnectionTest -->
